# Logfile created on 2021-01-11 08:26:28 +0000 by logger.rb/v1.4.2
[2021-01-11T08:26:29+00:00] INFO: Started Chef Infra Zero at chefzero://localhost:1 with repository at /opt/gitlab/embedded
  One version per cookbook

[2021-01-11T08:26:29+00:00] INFO: *** Chef Infra Client 15.14.0 ***
[2021-01-11T08:26:29+00:00] INFO: Platform: x86_64-linux
[2021-01-11T08:26:29+00:00] INFO: Chef-client pid: 31
[2021-01-11T08:26:30+00:00] WARN: Plugin Network: unable to detect ipaddress
[2021-01-11T08:26:30+00:00] INFO: Setting the run_list to ["recipe[gitlab-ee]"] from CLI options
[2021-01-11T08:26:30+00:00] INFO: Run List is [recipe[gitlab-ee]]
[2021-01-11T08:26:30+00:00] INFO: Run List expands to [gitlab-ee]
[2021-01-11T08:26:30+00:00] INFO: Starting Chef Infra Client Run for 3.36.115.79
[2021-01-11T08:26:30+00:00] INFO: Running start handlers
[2021-01-11T08:26:30+00:00] INFO: Start handlers complete.
[2021-01-11T08:26:31+00:00] INFO: Loading cookbooks [gitlab-ee@0.0.1, package@0.1.0, gitlab@0.0.1, consul@0.1.0, repmgr@0.1.0, patroni@0.1.0, runit@5.1.3, logrotate@0.0.0, postgresql@0.1.0, redis@0.1.0, monitoring@0.1.0, registry@0.1.0, mattermost@0.1.0, gitaly@0.1.0, praefect@0.1.0, gitlab-kas@0.1.0, gitlab-pages@0.1.0, letsencrypt@0.1.0, nginx@0.1.0, acme@4.1.1, crond@0.1.0]
[2021-01-11T08:26:37+00:00] INFO: directory[/etc/gitlab] mode changed to 775
[2021-01-11T08:26:37+00:00] INFO: Skipped selecting an init system because it was explicitly disabled
[2021-01-11T08:26:39+00:00] INFO: directory[Create /var/opt/gitlab] mode changed to 755
[2021-01-11T08:26:40+00:00] INFO: directory[create /var/log/gitlab/gitlab-rails] mode changed to 700
[2021-01-11T08:26:40+00:00] INFO: directory[/var/opt/gitlab/gitlab-rails] mode changed to 755
[2021-01-11T08:26:41+00:00] WARN: only_if block for templatesymlink[Create a gitlab_pages_secret and create a symlink to Rails root] returned a string, did you mean to run a command?
[2021-01-11T08:26:41+00:00] WARN: only_if block for templatesymlink[Create a gitlab_kas_secret and create a symlink to Rails root] returned a string, did you mean to run a command?
[2021-01-11T08:26:41+00:00] INFO: directory[/var/opt/gitlab/redis] mode changed to 750
[2021-01-11T08:26:41+00:00] INFO: directory[/var/log/gitlab/redis] mode changed to 700
[2021-01-11T08:26:41+00:00] INFO: link[/opt/gitlab/service/redis] created
[2021-01-11T08:26:43+00:00] INFO: Retrying execution of execute[/opt/gitlab/bin/gitlab-ctl start redis], 19 attempts left
[2021-01-11T08:26:46+00:00] INFO: execute[/opt/gitlab/bin/gitlab-ctl start redis] ran successfully
[2021-01-11T08:26:46+00:00] INFO: link[/opt/gitlab/service/gitaly] created
[2021-01-11T08:26:47+00:00] INFO: Retrying execution of execute[/opt/gitlab/bin/gitlab-ctl start gitaly], 19 attempts left
[2021-01-11T08:26:51+00:00] INFO: execute[/opt/gitlab/bin/gitlab-ctl start gitaly] ran successfully
[2021-01-11T08:26:51+00:00] INFO: directory[/var/opt/gitlab/postgresql] mode changed to 755
[2021-01-11T08:26:51+00:00] INFO: directory[/var/log/gitlab/postgresql] mode changed to 700
[2021-01-11T08:26:52+00:00] INFO: link[/opt/gitlab/service/postgresql] created
[2021-01-11T08:26:56+00:00] INFO: Retrying execution of execute[/opt/gitlab/bin/gitlab-ctl start postgresql], 19 attempts left
[2021-01-11T08:26:59+00:00] INFO: execute[/opt/gitlab/bin/gitlab-ctl start postgresql] ran successfully
[2021-01-11T08:27:22+00:00] INFO: Running queued delayed notifications before re-raising exception
[2021-01-11T08:27:22+00:00] ERROR: Running exception handlers
[2021-01-11T08:27:22+00:00] ERROR: Exception handlers complete
[2021-01-11T08:27:22+00:00] FATAL: Stacktrace dumped to /opt/gitlab/embedded/cookbooks/cache/chef-stacktrace.out
[2021-01-11T08:27:22+00:00] FATAL: Please provide the contents of the stacktrace.out file if you file a bug report
[2021-01-11T08:27:22+00:00] FATAL: Mixlib::ShellOut::ShellCommandFailed: bash[migrate gitlab-rails database] (gitlab::database_migrations line 55) had an error: Mixlib::ShellOut::ShellCommandFailed: Expected process to exit with [0], but received '1'
---- Begin output of "bash"  "/tmp/chef-script20210111-31-d87f6s" ----
STDOUT: rake aborted!
PG::ConnectionBad: could not connect to server: Permission denied
	Is the server running locally and accepting
	connections on Unix domain socket "/var/opt/gitlab/postgresql/.s.PGSQL.5432"?
/opt/gitlab/embedded/service/gitlab-rails/lib/tasks/gitlab/db.rake:58:in `block (3 levels) in <top (required)>'
/opt/gitlab/embedded/bin/bundle:23:in `load'
/opt/gitlab/embedded/bin/bundle:23:in `<main>'
Tasks: TOP => gitlab:db:configure
(See full trace by running task with --trace)
STDERR: 
---- End output of "bash"  "/tmp/chef-script20210111-31-d87f6s" ----
Ran "bash"  "/tmp/chef-script20210111-31-d87f6s" returned 1
