Creating scope :group_view_details. Overwriting existing method User.group_view_details.
Raven 3.0.4 configured not to capture errors: DSN not set
Creating scope :without_statuses. Overwriting existing method CommitStatus.without_statuses.
An enum element in Ci::Runner uses the prefix 'not_'. This will cause a conflict with auto generated negative scopes.
Creating scope :with_files_stored_remotely. Overwriting existing method Ci::JobArtifact.with_files_stored_remotely.
Creating scope :with_api_entity_associations. Overwriting existing method Issue.with_api_entity_associations.
Creating scope :of_projects. Overwriting existing method MergeRequest.of_projects.
Creating scope :join_project. Overwriting existing method MergeRequest.join_project.
Creating scope :references_project. Overwriting existing method MergeRequest.references_project.
Creating scope :system. Overwriting existing method Note.system.
Creating scope :closed. Overwriting existing method Iteration.closed.
Creating scope :within_timeframe. Overwriting existing method Iteration.within_timeframe.
Creating scope :opened. Overwriting existing method Epic.opened.
Creating scope :closed. Overwriting existing method Epic.closed.
Creating scope :order_created_desc. Overwriting existing method Packages::Package.order_created_desc.
Creating scope :order_name_desc. Overwriting existing method Packages::Package.order_name_desc.
Creating scope :group_view_details. Overwriting existing method User.group_view_details.
Raven 3.0.4 configured not to capture errors: DSN not set
Creating scope :without_statuses. Overwriting existing method CommitStatus.without_statuses.
An enum element in Ci::Runner uses the prefix 'not_'. This will cause a conflict with auto generated negative scopes.
Creating scope :with_files_stored_remotely. Overwriting existing method Ci::JobArtifact.with_files_stored_remotely.
Creating scope :with_api_entity_associations. Overwriting existing method Issue.with_api_entity_associations.
Creating scope :of_projects. Overwriting existing method MergeRequest.of_projects.
Creating scope :join_project. Overwriting existing method MergeRequest.join_project.
Creating scope :references_project. Overwriting existing method MergeRequest.references_project.
Creating scope :system. Overwriting existing method Note.system.
Creating scope :closed. Overwriting existing method Iteration.closed.
Creating scope :within_timeframe. Overwriting existing method Iteration.within_timeframe.
Creating scope :opened. Overwriting existing method Epic.opened.
Creating scope :closed. Overwriting existing method Epic.closed.
Creating scope :order_created_desc. Overwriting existing method Packages::Package.order_created_desc.
Creating scope :order_name_desc. Overwriting existing method Packages::Package.order_name_desc.
Creating scope :group_view_details. Overwriting existing method User.group_view_details.
Raven 3.0.4 configured not to capture errors: DSN not set
Creating scope :without_statuses. Overwriting existing method CommitStatus.without_statuses.
An enum element in Ci::Runner uses the prefix 'not_'. This will cause a conflict with auto generated negative scopes.
Creating scope :with_files_stored_remotely. Overwriting existing method Ci::JobArtifact.with_files_stored_remotely.
Creating scope :with_api_entity_associations. Overwriting existing method Issue.with_api_entity_associations.
Creating scope :of_projects. Overwriting existing method MergeRequest.of_projects.
Creating scope :join_project. Overwriting existing method MergeRequest.join_project.
Creating scope :references_project. Overwriting existing method MergeRequest.references_project.
Creating scope :system. Overwriting existing method Note.system.
Creating scope :closed. Overwriting existing method Iteration.closed.
Creating scope :within_timeframe. Overwriting existing method Iteration.within_timeframe.
Creating scope :opened. Overwriting existing method Epic.opened.
Creating scope :closed. Overwriting existing method Epic.closed.
Creating scope :order_created_desc. Overwriting existing method Packages::Package.order_created_desc.
Creating scope :order_name_desc. Overwriting existing method Packages::Package.order_name_desc.
Creating scope :group_view_details. Overwriting existing method User.group_view_details.
Raven 3.0.4 configured not to capture errors: DSN not set
Creating scope :without_statuses. Overwriting existing method CommitStatus.without_statuses.
An enum element in Ci::Runner uses the prefix 'not_'. This will cause a conflict with auto generated negative scopes.
Creating scope :with_files_stored_remotely. Overwriting existing method Ci::JobArtifact.with_files_stored_remotely.
Creating scope :with_api_entity_associations. Overwriting existing method Issue.with_api_entity_associations.
Creating scope :of_projects. Overwriting existing method MergeRequest.of_projects.
Creating scope :join_project. Overwriting existing method MergeRequest.join_project.
Creating scope :references_project. Overwriting existing method MergeRequest.references_project.
Creating scope :system. Overwriting existing method Note.system.
Creating scope :closed. Overwriting existing method Iteration.closed.
Creating scope :within_timeframe. Overwriting existing method Iteration.within_timeframe.
Creating scope :opened. Overwriting existing method Epic.opened.
Creating scope :closed. Overwriting existing method Epic.closed.
Creating scope :order_created_desc. Overwriting existing method Packages::Package.order_created_desc.
Creating scope :order_name_desc. Overwriting existing method Packages::Package.order_name_desc.
Creating scope :group_view_details. Overwriting existing method User.group_view_details.
Raven 3.0.4 configured not to capture errors: DSN not set
Creating scope :without_statuses. Overwriting existing method CommitStatus.without_statuses.
An enum element in Ci::Runner uses the prefix 'not_'. This will cause a conflict with auto generated negative scopes.
Creating scope :with_files_stored_remotely. Overwriting existing method Ci::JobArtifact.with_files_stored_remotely.
Creating scope :with_api_entity_associations. Overwriting existing method Issue.with_api_entity_associations.
Creating scope :of_projects. Overwriting existing method MergeRequest.of_projects.
Creating scope :join_project. Overwriting existing method MergeRequest.join_project.
Creating scope :references_project. Overwriting existing method MergeRequest.references_project.
Creating scope :system. Overwriting existing method Note.system.
Creating scope :closed. Overwriting existing method Iteration.closed.
Creating scope :within_timeframe. Overwriting existing method Iteration.within_timeframe.
Creating scope :opened. Overwriting existing method Epic.opened.
Creating scope :closed. Overwriting existing method Epic.closed.
Creating scope :order_created_desc. Overwriting existing method Packages::Package.order_created_desc.
Creating scope :order_name_desc. Overwriting existing method Packages::Package.order_name_desc.
Creating scope :group_view_details. Overwriting existing method User.group_view_details.
Raven 3.0.4 configured not to capture errors: DSN not set
Creating scope :without_statuses. Overwriting existing method CommitStatus.without_statuses.
An enum element in Ci::Runner uses the prefix 'not_'. This will cause a conflict with auto generated negative scopes.
Creating scope :with_files_stored_remotely. Overwriting existing method Ci::JobArtifact.with_files_stored_remotely.
Creating scope :with_api_entity_associations. Overwriting existing method Issue.with_api_entity_associations.
Creating scope :of_projects. Overwriting existing method MergeRequest.of_projects.
Creating scope :join_project. Overwriting existing method MergeRequest.join_project.
Creating scope :references_project. Overwriting existing method MergeRequest.references_project.
Creating scope :system. Overwriting existing method Note.system.
Creating scope :closed. Overwriting existing method Iteration.closed.
Creating scope :within_timeframe. Overwriting existing method Iteration.within_timeframe.
Creating scope :opened. Overwriting existing method Epic.opened.
Creating scope :closed. Overwriting existing method Epic.closed.
Creating scope :order_created_desc. Overwriting existing method Packages::Package.order_created_desc.
Creating scope :order_name_desc. Overwriting existing method Packages::Package.order_name_desc.
Creating scope :group_view_details. Overwriting existing method User.group_view_details.
Raven 3.0.4 configured not to capture errors: DSN not set
Creating scope :without_statuses. Overwriting existing method CommitStatus.without_statuses.
An enum element in Ci::Runner uses the prefix 'not_'. This will cause a conflict with auto generated negative scopes.
Creating scope :with_files_stored_remotely. Overwriting existing method Ci::JobArtifact.with_files_stored_remotely.
Creating scope :with_api_entity_associations. Overwriting existing method Issue.with_api_entity_associations.
Creating scope :of_projects. Overwriting existing method MergeRequest.of_projects.
Creating scope :join_project. Overwriting existing method MergeRequest.join_project.
Creating scope :references_project. Overwriting existing method MergeRequest.references_project.
Creating scope :system. Overwriting existing method Note.system.
Creating scope :closed. Overwriting existing method Iteration.closed.
Creating scope :within_timeframe. Overwriting existing method Iteration.within_timeframe.
Creating scope :opened. Overwriting existing method Epic.opened.
Creating scope :closed. Overwriting existing method Epic.closed.
Creating scope :order_created_desc. Overwriting existing method Packages::Package.order_created_desc.
Creating scope :order_name_desc. Overwriting existing method Packages::Package.order_name_desc.
Creating scope :group_view_details. Overwriting existing method User.group_view_details.
Raven 3.0.4 configured not to capture errors: DSN not set
Creating scope :without_statuses. Overwriting existing method CommitStatus.without_statuses.
An enum element in Ci::Runner uses the prefix 'not_'. This will cause a conflict with auto generated negative scopes.
Creating scope :with_files_stored_remotely. Overwriting existing method Ci::JobArtifact.with_files_stored_remotely.
Creating scope :with_api_entity_associations. Overwriting existing method Issue.with_api_entity_associations.
Creating scope :of_projects. Overwriting existing method MergeRequest.of_projects.
Creating scope :join_project. Overwriting existing method MergeRequest.join_project.
Creating scope :references_project. Overwriting existing method MergeRequest.references_project.
Creating scope :system. Overwriting existing method Note.system.
Creating scope :closed. Overwriting existing method Iteration.closed.
Creating scope :within_timeframe. Overwriting existing method Iteration.within_timeframe.
Creating scope :opened. Overwriting existing method Epic.opened.
Creating scope :closed. Overwriting existing method Epic.closed.
Creating scope :order_created_desc. Overwriting existing method Packages::Package.order_created_desc.
Creating scope :order_name_desc. Overwriting existing method Packages::Package.order_name_desc.
Creating scope :group_view_details. Overwriting existing method User.group_view_details.
Raven 3.0.4 configured not to capture errors: DSN not set
Creating scope :without_statuses. Overwriting existing method CommitStatus.without_statuses.
An enum element in Ci::Runner uses the prefix 'not_'. This will cause a conflict with auto generated negative scopes.
Creating scope :with_files_stored_remotely. Overwriting existing method Ci::JobArtifact.with_files_stored_remotely.
Creating scope :with_api_entity_associations. Overwriting existing method Issue.with_api_entity_associations.
Creating scope :of_projects. Overwriting existing method MergeRequest.of_projects.
Creating scope :join_project. Overwriting existing method MergeRequest.join_project.
Creating scope :references_project. Overwriting existing method MergeRequest.references_project.
Creating scope :system. Overwriting existing method Note.system.
Creating scope :closed. Overwriting existing method Iteration.closed.
Creating scope :within_timeframe. Overwriting existing method Iteration.within_timeframe.
Creating scope :opened. Overwriting existing method Epic.opened.
Creating scope :closed. Overwriting existing method Epic.closed.
Creating scope :order_created_desc. Overwriting existing method Packages::Package.order_created_desc.
Creating scope :order_name_desc. Overwriting existing method Packages::Package.order_name_desc.
Creating scope :group_view_details. Overwriting existing method User.group_view_details.
Raven 3.0.4 configured not to capture errors: DSN not set
Creating scope :without_statuses. Overwriting existing method CommitStatus.without_statuses.
An enum element in Ci::Runner uses the prefix 'not_'. This will cause a conflict with auto generated negative scopes.
Creating scope :with_files_stored_remotely. Overwriting existing method Ci::JobArtifact.with_files_stored_remotely.
Creating scope :with_api_entity_associations. Overwriting existing method Issue.with_api_entity_associations.
Creating scope :of_projects. Overwriting existing method MergeRequest.of_projects.
Creating scope :join_project. Overwriting existing method MergeRequest.join_project.
Creating scope :references_project. Overwriting existing method MergeRequest.references_project.
Creating scope :system. Overwriting existing method Note.system.
Creating scope :closed. Overwriting existing method Iteration.closed.
Creating scope :within_timeframe. Overwriting existing method Iteration.within_timeframe.
Creating scope :opened. Overwriting existing method Epic.opened.
Creating scope :closed. Overwriting existing method Epic.closed.
Creating scope :order_created_desc. Overwriting existing method Packages::Package.order_created_desc.
Creating scope :order_name_desc. Overwriting existing method Packages::Package.order_name_desc.
Creating scope :group_view_details. Overwriting existing method User.group_view_details.
Raven 3.0.4 configured not to capture errors: DSN not set
Creating scope :without_statuses. Overwriting existing method CommitStatus.without_statuses.
An enum element in Ci::Runner uses the prefix 'not_'. This will cause a conflict with auto generated negative scopes.
Creating scope :with_files_stored_remotely. Overwriting existing method Ci::JobArtifact.with_files_stored_remotely.
Creating scope :with_api_entity_associations. Overwriting existing method Issue.with_api_entity_associations.
Creating scope :of_projects. Overwriting existing method MergeRequest.of_projects.
Creating scope :join_project. Overwriting existing method MergeRequest.join_project.
Creating scope :references_project. Overwriting existing method MergeRequest.references_project.
Creating scope :system. Overwriting existing method Note.system.
Creating scope :closed. Overwriting existing method Iteration.closed.
Creating scope :within_timeframe. Overwriting existing method Iteration.within_timeframe.
Creating scope :opened. Overwriting existing method Epic.opened.
Creating scope :closed. Overwriting existing method Epic.closed.
Creating scope :order_created_desc. Overwriting existing method Packages::Package.order_created_desc.
Creating scope :order_name_desc. Overwriting existing method Packages::Package.order_name_desc.
Creating scope :group_view_details. Overwriting existing method User.group_view_details.
Raven 3.0.4 configured not to capture errors: DSN not set
Creating scope :without_statuses. Overwriting existing method CommitStatus.without_statuses.
An enum element in Ci::Runner uses the prefix 'not_'. This will cause a conflict with auto generated negative scopes.
Creating scope :with_files_stored_remotely. Overwriting existing method Ci::JobArtifact.with_files_stored_remotely.
Creating scope :with_api_entity_associations. Overwriting existing method Issue.with_api_entity_associations.
Creating scope :of_projects. Overwriting existing method MergeRequest.of_projects.
Creating scope :join_project. Overwriting existing method MergeRequest.join_project.
Creating scope :references_project. Overwriting existing method MergeRequest.references_project.
Creating scope :system. Overwriting existing method Note.system.
Creating scope :closed. Overwriting existing method Iteration.closed.
Creating scope :within_timeframe. Overwriting existing method Iteration.within_timeframe.
Creating scope :opened. Overwriting existing method Epic.opened.
Creating scope :closed. Overwriting existing method Epic.closed.
Creating scope :order_created_desc. Overwriting existing method Packages::Package.order_created_desc.
Creating scope :order_name_desc. Overwriting existing method Packages::Package.order_name_desc.
Creating scope :group_view_details. Overwriting existing method User.group_view_details.
Raven 3.0.4 configured not to capture errors: DSN not set
Creating scope :without_statuses. Overwriting existing method CommitStatus.without_statuses.
An enum element in Ci::Runner uses the prefix 'not_'. This will cause a conflict with auto generated negative scopes.
Creating scope :with_files_stored_remotely. Overwriting existing method Ci::JobArtifact.with_files_stored_remotely.
Creating scope :with_api_entity_associations. Overwriting existing method Issue.with_api_entity_associations.
Creating scope :of_projects. Overwriting existing method MergeRequest.of_projects.
Creating scope :join_project. Overwriting existing method MergeRequest.join_project.
Creating scope :references_project. Overwriting existing method MergeRequest.references_project.
Creating scope :system. Overwriting existing method Note.system.
Creating scope :closed. Overwriting existing method Iteration.closed.
Creating scope :within_timeframe. Overwriting existing method Iteration.within_timeframe.
Creating scope :opened. Overwriting existing method Epic.opened.
Creating scope :closed. Overwriting existing method Epic.closed.
Creating scope :order_created_desc. Overwriting existing method Packages::Package.order_created_desc.
Creating scope :order_name_desc. Overwriting existing method Packages::Package.order_name_desc.
Creating scope :group_view_details. Overwriting existing method User.group_view_details.
Raven 3.0.4 configured not to capture errors: DSN not set
Creating scope :without_statuses. Overwriting existing method CommitStatus.without_statuses.
An enum element in Ci::Runner uses the prefix 'not_'. This will cause a conflict with auto generated negative scopes.
Creating scope :with_files_stored_remotely. Overwriting existing method Ci::JobArtifact.with_files_stored_remotely.
Creating scope :with_api_entity_associations. Overwriting existing method Issue.with_api_entity_associations.
Creating scope :of_projects. Overwriting existing method MergeRequest.of_projects.
Creating scope :join_project. Overwriting existing method MergeRequest.join_project.
Creating scope :references_project. Overwriting existing method MergeRequest.references_project.
Creating scope :system. Overwriting existing method Note.system.
Creating scope :closed. Overwriting existing method Iteration.closed.
Creating scope :within_timeframe. Overwriting existing method Iteration.within_timeframe.
Creating scope :opened. Overwriting existing method Epic.opened.
Creating scope :closed. Overwriting existing method Epic.closed.
Creating scope :order_created_desc. Overwriting existing method Packages::Package.order_created_desc.
Creating scope :order_name_desc. Overwriting existing method Packages::Package.order_name_desc.
Creating scope :group_view_details. Overwriting existing method User.group_view_details.
Raven 3.0.4 configured not to capture errors: DSN not set
Creating scope :without_statuses. Overwriting existing method CommitStatus.without_statuses.
An enum element in Ci::Runner uses the prefix 'not_'. This will cause a conflict with auto generated negative scopes.
Creating scope :with_files_stored_remotely. Overwriting existing method Ci::JobArtifact.with_files_stored_remotely.
Creating scope :with_api_entity_associations. Overwriting existing method Issue.with_api_entity_associations.
Creating scope :of_projects. Overwriting existing method MergeRequest.of_projects.
Creating scope :join_project. Overwriting existing method MergeRequest.join_project.
Creating scope :references_project. Overwriting existing method MergeRequest.references_project.
Creating scope :system. Overwriting existing method Note.system.
